Arguments: 
  /usr/local/heroku/bin/node /usr/share/yarn/bin/yarn.js add --dev webpack-dev-server

PATH: 
  /home/marcelo/.rvm/gems/ruby-2.3.3/bin:/home/marcelo/.rvm/gems/ruby-2.3.3@global/bin:/home/marcelo/.rvm/rubies/ruby-2.3.3/bin:/home/marcelo/.rvm/bin:/usr/local/heroku/bin:/usr/local/sbin:/usr/local/bin:/usr/sbin:/usr/bin:/sbin:/bin:/usr/games:/usr/local/games:/usr/lib/jvm/java-8-oracle/bin:/usr/lib/jvm/java-8-oracle/db/bin:/usr/lib/jvm/java-8-oracle/jre/bin

Yarn version: 
  0.27.5

Node version: 
  8.1.4

Platform: 
  linux x64

npm manifest: 
  No manifest

yarn manifest: 
  No manifest

Lockfile: 
  # THIS IS AN AUTOGENERATED FILE. DO NOT EDIT THIS FILE DIRECTLY.
  # yarn lockfile v1

Trace: 
  Error: https://registry.yarnpkg.com/cookie/-/cookie-0.3.1.tgz: ETIMEDOUT
      at Timeout._onTimeout (/usr/share/yarn/lib/yarn-cli.js:114906:19)
      at ontimeout (timers.js:488:11)
      at tryOnTimeout (timers.js:323:5)
      at Timer.listOnTimeout (timers.js:283:5)
